File session started.
File type: .wav
Filename: eric
Request ID: 375832948 (placeholder)
Download successful.
File type: .wav
Filename: hellothistime
Request ID: 375832948 (placeholder)
Download successful.
File session ended


File session started.
File type: .wav
Filename: myname
Request ID: 375832948 (placeholder)
Download successful.
File session ended


* File session started *
File type: .wav
Filename: why
Request ID: 375832948 (placeholder)
Download successful.
* File session ended *


2016-06-02 13:48:37,812 - INFO - * File session started *
2016-06-02 13:48:52,491 - INFO - File type: .wav
2016-06-02 13:48:55,795 - INFO - Filename: bop
2016-06-02 13:48:58,162 - INFO - Request ID: 375832948 (placeholder)
2016-06-02 13:48:58,162 - INFO - Download successful.
2016-06-02 13:48:59,138 - INFO - * File session ended *


13:51:45 INFO * File session started *
13:51:51 INFO File type: .wav
13:51:52 INFO Filename: hiya
14:25:11 INFO * File session started *
14:25:26 INFO Output: Stream.
14:25:30 INFO Request ID: 375832948 (placeholder)
14:25:30 INFO Stream successful.
14:25:45 INFO File type: .wav
14:25:48 INFO Filename: what
14:25:50 INFO Request ID: 375832948 (placeholder)
14:25:50 INFO Download successful.
14:25:52 INFO * File session ended *


15:00:57 INFO * File session started *
15:01:45 INFO * File session started *
15:29:23 INFO * File session started *
15:29:47 INFO * File session started *
15:29:51 INFO File type: .wav
15:29:54 INFO Filename: hellooooo
15:30:20 INFO * File session started *
15:30:21 WARNING No text input
15:30:26 WARNING Invalid input for VoiceID: 2
15:30:28 WARNING Invalid input for streamBool: 3
15:30:30 WARNING Invalid input for formatBool: 2
15:30:30 INFO File type: .ogg
15:30:35 WARNING Invalid input for filename: wagyu::w
15:30:35 INFO Filename: wagyu::w
15:30:41 WARNING Directory in path does not exist: whoknows
11:47:16 INFO * File session started *
11:47:34 INFO File type: .wav
11:47:41 INFO Filename: voxtest
11:47:53 WARNING Directory in path does not exist: 
11:47:57 INFO * File session started *
11:48:15 INFO File type: .wav
11:48:19 INFO Filename: voxtest
11:48:24 INFO Request ID: 375832948 (placeholder)
11:48:24 INFO Download successful.
11:48:31 INFO * File session ended *


